{
  "stats": {
    "suites": 1,
    "tests": 1,
    "passes": 1,
    "pending": 0,
    "failures": 0,
    "start": "2020-07-08T16:57:24.997Z",
    "end": "2020-07-08T16:57:31.450Z",
    "duration": 6453,
    "testsRegistered": 1,
    "passPercent": 100,
    "pendingPercent": 0,
    "other": 0,
    "hasOther": false,
    "skipped": 0,
    "hasSkipped": false
  },
  "results": [
    {
      "uuid": "27e1a809-4fd7-4523-9555-09eb03ad0f62",
      "title": "",
      "fullFile": "cypress\\integration\\00-basic.spec.js",
      "file": "cypress\\integration\\00-basic.spec.js",
      "beforeHooks": [],
      "afterHooks": [],
      "tests": [],
      "suites": [
        {
          "uuid": "3281a285-5696-4b98-80a4-5b6580519b13",
          "title": "Visiting the url https://escuela.it/",
          "fullFile": "",
          "file": "",
          "beforeHooks": [],
          "afterHooks": [],
          "tests": [
            {
              "title": "should have _EscuelaIT_ on its title",
              "fullTitle": "Visiting the url https://escuela.it/ should have _EscuelaIT_ on its title",
              "timedOut": null,
              "duration": 3387,
              "state": "passed",
              "speed": "slow",
              "pass": true,
              "fail": false,
              "pending": false,
              "context": null,
              "code": "cy.visit('https://escuela.it/');\ncy.title().should('include', 'EscuelaIT');",
              "err": {},
              "uuid": "9bda73f3-16fe-44b3-83ca-6610364ce71f",
              "parentUUID": "3281a285-5696-4b98-80a4-5b6580519b13",
              "isHook": false,
              "skipped": false
            }
          ],
          "suites": [],
          "passes": [
            "9bda73f3-16fe-44b3-83ca-6610364ce71f"
          ],
          "failures": [],
          "pending": [],
          "skipped": [],
          "duration": 3387,
          "root": false,
          "rootEmpty": false,
          "_timeout": 2000
        }
      ],
      "passes": [],
      "failures": [],
      "pending": [],
      "skipped": [],
      "duration": 0,
      "root": true,
      "rootEmpty": true,
      "_timeout": 2000
    }
  ],
  "meta": {
    "mocha": {
      "version": "7.0.1"
    },
    "mochawesome": {
      "options": {
        "quiet": false,
        "reportFilename": "report",
        "saveHtml": true,
        "saveJson": true,
        "consoleReporter": "spec",
        "useInlineDiffs": false,
        "code": true
      },
      "version": "6.1.1"
    },
    "marge": {
      "options": {
        "charts": false,
        "html": true,
        "json": true,
        "reportDir": "cypress/reports",
        "reportFilename": "report",
        "overwrite": false
      },
      "version": "5.1.0"
    }
  }
}