{
  "stats": {
    "suites": 3,
    "tests": 2,
    "passes": 2,
    "pending": 0,
    "failures": 0,
    "start": "2020-07-08T16:57:38.953Z",
    "end": "2020-07-08T16:57:48.083Z",
    "duration": 9130,
    "testsRegistered": 2,
    "passPercent": 100,
    "pendingPercent": 0,
    "other": 0,
    "hasOther": false,
    "skipped": 0,
    "hasSkipped": false
  },
  "results": [
    {
      "uuid": "a92a86b5-6054-4c31-8da5-d04dc9c17ed4",
      "title": "",
      "fullFile": "cypress\\integration\\01-bdd.spec.js",
      "file": "cypress\\integration\\01-bdd.spec.js",
      "beforeHooks": [],
      "afterHooks": [],
      "tests": [],
      "suites": [
        {
          "uuid": "4cabbfa7-6b7f-4cc2-aee4-3838a8cb0a99",
          "title": "Visiting the url https://escuela.it/",
          "fullFile": "",
          "file": "",
          "beforeHooks": [],
          "afterHooks": [],
          "tests": [
            {
              "title": "should have _EscuelaIT_ on its title",
              "fullTitle": "Visiting the url https://escuela.it/ should have _EscuelaIT_ on its title",
              "timedOut": null,
              "duration": 2315,
              "state": "passed",
              "speed": "slow",
              "pass": true,
              "fail": false,
              "pending": false,
              "context": null,
              "code": "cy.visit('https://escuela.it/');\ncy.title().should('include', 'EscuelaIT');",
              "err": {},
              "uuid": "9948272c-9310-478f-980d-16c9e1a533e5",
              "parentUUID": "4cabbfa7-6b7f-4cc2-aee4-3838a8cb0a99",
              "isHook": false,
              "skipped": false
            }
          ],
          "suites": [],
          "passes": [
            "9948272c-9310-478f-980d-16c9e1a533e5"
          ],
          "failures": [],
          "pending": [],
          "skipped": [],
          "duration": 2315,
          "root": false,
          "rootEmpty": false,
          "_timeout": 2000
        },
        {
          "uuid": "af3f9c17-2381-441d-882d-3e1de5574225",
          "title": "GIVEN: the url https://escuela.it/",
          "fullFile": "",
          "file": "",
          "beforeHooks": [],
          "afterHooks": [],
          "tests": [],
          "suites": [
            {
              "uuid": "e9c6a27f-b739-4d02-891a-22acdb948415",
              "title": "WHEN: I visit it",
              "fullFile": "",
              "file": "",
              "beforeHooks": [],
              "afterHooks": [],
              "tests": [
                {
                  "title": "THEN: should have _EscuelaIT_ on its title",
                  "fullTitle": "GIVEN: the url https://escuela.it/ WHEN: I visit it THEN: should have _EscuelaIT_ on its title",
                  "timedOut": null,
                  "duration": 3580,
                  "state": "passed",
                  "speed": "slow",
                  "pass": true,
                  "fail": false,
                  "pending": false,
                  "context": null,
                  "code": "cy.title().should('include', expected);",
                  "err": {},
                  "uuid": "a21887ba-d446-406e-bc45-0820a9006991",
                  "parentUUID": "e9c6a27f-b739-4d02-891a-22acdb948415",
                  "isHook": false,
                  "skipped": false
                }
              ],
              "suites": [],
              "passes": [
                "a21887ba-d446-406e-bc45-0820a9006991"
              ],
              "failures": [],
              "pending": [],
              "skipped": [],
              "duration": 3580,
              "root": false,
              "rootEmpty": false,
              "_timeout": 2000
            }
          ],
          "passes": [],
          "failures": [],
          "pending": [],
          "skipped": [],
          "duration": 0,
          "root": false,
          "rootEmpty": false,
          "_timeout": 2000
        }
      ],
      "passes": [],
      "failures": [],
      "pending": [],
      "skipped": [],
      "duration": 0,
      "root": true,
      "rootEmpty": true,
      "_timeout": 2000
    }
  ],
  "meta": {
    "mocha": {
      "version": "7.0.1"
    },
    "mochawesome": {
      "options": {
        "quiet": false,
        "reportFilename": "report",
        "saveHtml": true,
        "saveJson": true,
        "consoleReporter": "spec",
        "useInlineDiffs": false,
        "code": true
      },
      "version": "6.1.1"
    },
    "marge": {
      "options": {
        "charts": false,
        "html": true,
        "json": true,
        "reportDir": "cypress/reports",
        "reportFilename": "report",
        "overwrite": false
      },
      "version": "5.1.0"
    }
  }
}